{"C:\\Users\\marci\\Desktop\\learning JEST\\Learning-Jest\\multi.js": {"path":"C:\\Users\\marci\\Desktop\\learning JEST\\Learning-Jest\\multi.js","statementMap":{"0":{"start":{"line":2,"column":2},"end":{"line":2,"column":15}},"1":{"start":{"line":6,"column":2},"end":{"line":6,"column":27}},"2":{"start":{"line":9,"column":0},"end":{"line":9,"column":23}}},"fnMap":{"0":{"name":"multi","decl":{"start":{"line":1,"column":9},"end":{"line":1,"column":14}},"loc":{"start":{"line":1,"column":21},"end":{"line":3,"column":1}},"line":1},"1":{"name":"help","decl":{"start":{"line":5,"column":9},"end":{"line":5,"column":13}},"loc":{"start":{"line":5,"column":16},"end":{"line":7,"column":1}},"line":5}},"branchMap":{},"s":{"0":2,"1":0,"2":1},"f":{"0":2,"1":0},"b":{},"_coverageSchema":"1a1c01bbd47fc00a2c39e90264f33305004495a9","hash":"27454aab853e82ef21b361bed514c9fa611ba7b7"}
,"C:\\Users\\marci\\Desktop\\learning JEST\\Learning-Jest\\sum.js": {"path":"C:\\Users\\marci\\Desktop\\learning JEST\\Learning-Jest\\sum.js","statementMap":{"0":{"start":{"line":3,"column":2},"end":{"line":3,"column":15}},"1":{"start":{"line":6,"column":0},"end":{"line":6,"column":21}}},"fnMap":{"0":{"name":"sum","decl":{"start":{"line":2,"column":9},"end":{"line":2,"column":12}},"loc":{"start":{"line":2,"column":19},"end":{"line":4,"column":1}},"line":2}},"branchMap":{},"s":{"0":2,"1":1},"f":{"0":2},"b":{},"_coverageSchema":"1a1c01bbd47fc00a2c39e90264f33305004495a9","hash":"ba9d3782e12835d8fda0b570c5ed5f19f1488795"}
}
